1742454008.345484 client started (129366): version 3.4, socket /tmp/tmux-1000/default, protocol 8
1742454008.345539 on Linux 5.15.153.1-microsoft-standard-WSL2 #1 SMP Fri Mar 29 23:14:13 UTC 2024
1742454008.345546 using libevent 2.1.12-stable poll
1742454008.345551 using ncurses 6.4 20240113
1742454008.345576 flags are 0x18010000
1742454008.345648 socket is /tmp/tmux-1000/default
1742454008.345698 trying connect
1742454008.345773 add peer 0x556122e6b300: 7 ((nil))
1742454008.345944 sending message 100 to peer 0x556122e6b300 (4 bytes)
1742454008.345960 sending message 111 to peer 0x556122e6b300 (8 bytes)
1742454008.345963 sending message 101 to peer 0x556122e6b300 (15 bytes)
1742454008.345964 sending message 109 to peer 0x556122e6b300 (4 bytes)
1742454008.345966 sending message 102 to peer 0x556122e6b300 (11 bytes)
1742454008.345967 sending message 108 to peer 0x556122e6b300 (23 bytes)
1742454008.345969 sending message 112 to peer 0x556122e6b300 (58 bytes)
1742454008.345971 sending message 112 to peer 0x556122e6b300 (5 bytes)
1742454008.345972 sending message 112 to peer 0x556122e6b300 (5 bytes)
1742454008.345973 sending message 112 to peer 0x556122e6b300 (6 bytes)
1742454008.345975 sending message 112 to peer 0x556122e6b300 (6 bytes)
1742454008.345976 sending message 112 to peer 0x556122e6b300 (11 bytes)
1742454008.345978 sending message 112 to peer 0x556122e6b300 (10 bytes)
1742454008.345979 sending message 112 to peer 0x556122e6b300 (13 bytes)
1742454008.345981 sending message 112 to peer 0x556122e6b300 (14 bytes)
1742454008.345982 sending message 112 to peer 0x556122e6b300 (19 bytes)
1742454008.345984 sending message 112 to peer 0x556122e6b300 (11 bytes)
1742454008.345985 sending message 112 to peer 0x556122e6b300 (10 bytes)
1742454008.345986 sending message 112 to peer 0x556122e6b300 (15 bytes)
1742454008.345988 sending message 112 to peer 0x556122e6b300 (21 bytes)
1742454008.345989 sending message 112 to peer 0x556122e6b300 (13 bytes)
1742454008.345991 sending message 112 to peer 0x556122e6b300 (7 bytes)
1742454008.345992 sending message 112 to peer 0x556122e6b300 (13 bytes)
1742454008.345993 sending message 112 to peer 0x556122e6b300 (7 bytes)
1742454008.345995 sending message 112 to peer 0x556122e6b300 (13 bytes)
1742454008.345996 sending message 112 to peer 0x556122e6b300 (9 bytes)
1742454008.345998 sending message 112 to peer 0x556122e6b300 (21 bytes)
1742454008.346000 sending message 112 to peer 0x556122e6b300 (13 bytes)
1742454008.346001 sending message 112 to peer 0x556122e6b300 (9 bytes)
1742454008.346002 sending message 112 to peer 0x556122e6b300 (16 bytes)
1742454008.346004 sending message 112 to peer 0x556122e6b300 (13 bytes)
1742454008.346005 sending message 112 to peer 0x556122e6b300 (9 bytes)
1742454008.346007 sending message 112 to peer 0x556122e6b300 (9 bytes)
1742454008.346008 sending message 112 to peer 0x556122e6b300 (12 bytes)
1742454008.346010 sending message 112 to peer 0x556122e6b300 (8 bytes)
1742454008.346011 sending message 112 to peer 0x556122e6b300 (8 bytes)
1742454008.346013 sending message 112 to peer 0x556122e6b300 (13 bytes)
1742454008.346014 sending message 112 to peer 0x556122e6b300 (7 bytes)
1742454008.346016 sending message 112 to peer 0x556122e6b300 (7 bytes)
1742454008.346017 sending message 112 to peer 0x556122e6b300 (9 bytes)
1742454008.346019 sending message 112 to peer 0x556122e6b300 (9 bytes)
1742454008.346020 sending message 112 to peer 0x556122e6b300 (15 bytes)
1742454008.346022 sending message 112 to peer 0x556122e6b300 (13 bytes)
1742454008.346024 sending message 112 to peer 0x556122e6b300 (12 bytes)
1742454008.346025 sending message 112 to peer 0x556122e6b300 (8 bytes)
1742454008.346028 sending message 112 to peer 0x556122e6b300 (14 bytes)
1742454008.346029 sending message 112 to peer 0x556122e6b300 (11 bytes)
1742454008.346031 sending message 112 to peer 0x556122e6b300 (9 bytes)
1742454008.346033 sending message 112 to peer 0x556122e6b300 (10 bytes)
1742454008.346034 sending message 112 to peer 0x556122e6b300 (10 bytes)
1742454008.346036 sending message 112 to peer 0x556122e6b300 (10 bytes)
1742454008.346045 sending message 112 to peer 0x556122e6b300 (10 bytes)
1742454008.346047 sending message 112 to peer 0x556122e6b300 (11 bytes)
1742454008.346048 sending message 112 to peer 0x556122e6b300 (12 bytes)
1742454008.346050 sending message 112 to peer 0x556122e6b300 (12 bytes)
1742454008.346051 sending message 112 to peer 0x556122e6b300 (12 bytes)
1742454008.346053 sending message 112 to peer 0x556122e6b300 (12 bytes)
1742454008.346054 sending message 112 to peer 0x556122e6b300 (12 bytes)
1742454008.346056 sending message 112 to peer 0x556122e6b300 (11 bytes)
1742454008.346057 sending message 112 to peer 0x556122e6b300 (11 bytes)
1742454008.346058 sending message 112 to peer 0x556122e6b300 (12 bytes)
1742454008.346060 sending message 112 to peer 0x556122e6b300 (12 bytes)
1742454008.346061 sending message 112 to peer 0x556122e6b300 (12 bytes)
1742454008.346062 sending message 112 to peer 0x556122e6b300 (12 bytes)
1742454008.346064 sending message 112 to peer 0x556122e6b300 (12 bytes)
1742454008.346065 sending message 112 to peer 0x556122e6b300 (9 bytes)
1742454008.346067 sending message 112 to peer 0x556122e6b300 (12 bytes)
1742454008.346068 sending message 112 to peer 0x556122e6b300 (13 bytes)
1742454008.346070 sending message 112 to peer 0x556122e6b300 (13 bytes)
1742454008.346071 sending message 112 to peer 0x556122e6b300 (13 bytes)
1742454008.346072 sending message 112 to peer 0x556122e6b300 (13 bytes)
1742454008.346074 sending message 112 to peer 0x556122e6b300 (13 bytes)
1742454008.346075 sending message 112 to peer 0x556122e6b300 (8 bytes)
1742454008.346076 sending message 112 to peer 0x556122e6b300 (11 bytes)
1742454008.346078 sending message 112 to peer 0x556122e6b300 (11 bytes)
1742454008.346079 sending message 112 to peer 0x556122e6b300 (11 bytes)
1742454008.346081 sending message 112 to peer 0x556122e6b300 (12 bytes)
1742454008.346082 sending message 112 to peer 0x556122e6b300 (12 bytes)
1742454008.346083 sending message 112 to peer 0x556122e6b300 (12 bytes)
1742454008.346085 sending message 112 to peer 0x556122e6b300 (12 bytes)
1742454008.346086 sending message 112 to peer 0x556122e6b300 (13 bytes)
1742454008.346088 sending message 112 to peer 0x556122e6b300 (13 bytes)
1742454008.346089 sending message 112 to peer 0x556122e6b300 (13 bytes)
1742454008.346090 sending message 112 to peer 0x556122e6b300 (8 bytes)
1742454008.346092 sending message 112 to peer 0x556122e6b300 (13 bytes)
1742454008.346093 sending message 112 to peer 0x556122e6b300 (13 bytes)
1742454008.346095 sending message 112 to peer 0x556122e6b300 (13 bytes)
1742454008.346096 sending message 112 to peer 0x556122e6b300 (13 bytes)
1742454008.346097 sending message 112 to peer 0x556122e6b300 (13 bytes)
1742454008.346099 sending message 112 to peer 0x556122e6b300 (12 bytes)
1742454008.346100 sending message 112 to peer 0x556122e6b300 (12 bytes)
1742454008.346102 sending message 112 to peer 0x556122e6b300 (12 bytes)
1742454008.346103 sending message 112 to peer 0x556122e6b300 (12 bytes)
1742454008.346104 sending message 112 to peer 0x556122e6b300 (13 bytes)
1742454008.346106 sending message 112 to peer 0x556122e6b300 (8 bytes)
1742454008.346107 sending message 112 to peer 0x556122e6b300 (13 bytes)
1742454008.346109 sending message 112 to peer 0x556122e6b300 (13 bytes)
1742454008.346110 sending message 112 to peer 0x556122e6b300 (13 bytes)
1742454008.346111 sending message 112 to peer 0x556122e6b300 (13 bytes)
1742454008.346113 sending message 112 to peer 0x556122e6b300 (13 bytes)
1742454008.346114 sending message 112 to peer 0x556122e6b300 (13 bytes)
1742454008.346116 sending message 112 to peer 0x556122e6b300 (13 bytes)
1742454008.346117 sending message 112 to peer 0x556122e6b300 (12 bytes)
1742454008.346118 sending message 112 to peer 0x556122e6b300 (12 bytes)
1742454008.346120 sending message 112 to peer 0x556122e6b300 (12 bytes)
1742454008.346121 sending message 112 to peer 0x556122e6b300 (8 bytes)
1742454008.346122 sending message 112 to peer 0x556122e6b300 (12 bytes)
1742454008.346124 sending message 112 to peer 0x556122e6b300 (13 bytes)
1742454008.346128 sending message 112 to peer 0x556122e6b300 (13 bytes)
1742454008.346129 sending message 112 to peer 0x556122e6b300 (13 bytes)
1742454008.346130 sending message 112 to peer 0x556122e6b300 (13 bytes)
1742454008.346132 sending message 112 to peer 0x556122e6b300 (13 bytes)
1742454008.346133 sending message 112 to peer 0x556122e6b300 (13 bytes)
1742454008.346135 sending message 112 to peer 0x556122e6b300 (13 bytes)
1742454008.346136 sending message 112 to peer 0x556122e6b300 (13 bytes)
1742454008.346137 sending message 112 to peer 0x556122e6b300 (12 bytes)
1742454008.346139 sending message 112 to peer 0x556122e6b300 (10 bytes)
1742454008.346140 sending message 112 to peer 0x556122e6b300 (12 bytes)
1742454008.346141 sending message 112 to peer 0x556122e6b300 (12 bytes)
1742454008.346143 sending message 112 to peer 0x556122e6b300 (12 bytes)
1742454008.346145 sending message 112 to peer 0x556122e6b300 (13 bytes)
1742454008.346146 sending message 112 to peer 0x556122e6b300 (13 bytes)
1742454008.346147 sending message 112 to peer 0x556122e6b300 (13 bytes)
1742454008.346149 sending message 112 to peer 0x556122e6b300 (13 bytes)
1742454008.346150 sending message 112 to peer 0x556122e6b300 (13 bytes)
1742454008.346152 sending message 112 to peer 0x556122e6b300 (13 bytes)
1742454008.346153 sending message 112 to peer 0x556122e6b300 (13 bytes)
1742454008.346155 sending message 112 to peer 0x556122e6b300 (10 bytes)
1742454008.346157 sending message 112 to peer 0x556122e6b300 (13 bytes)
1742454008.346159 sending message 112 to peer 0x556122e6b300 (12 bytes)
1742454008.346160 sending message 112 to peer 0x556122e6b300 (12 bytes)
1742454008.346162 sending message 112 to peer 0x556122e6b300 (12 bytes)
1742454008.346165 sending message 112 to peer 0x556122e6b300 (10 bytes)
1742454008.346167 sending message 112 to peer 0x556122e6b300 (10 bytes)
1742454008.346169 sending message 112 to peer 0x556122e6b300 (10 bytes)
1742454008.346170 sending message 112 to peer 0x556122e6b300 (12 bytes)
1742454008.346172 sending message 112 to peer 0x556122e6b300 (13 bytes)
1742454008.346185 sending message 112 to peer 0x556122e6b300 (13 bytes)
1742454008.346188 sending message 112 to peer 0x556122e6b300 (13 bytes)
1742454008.346190 sending message 112 to peer 0x556122e6b300 (13 bytes)
1742454008.346192 sending message 112 to peer 0x556122e6b300 (13 bytes)
1742454008.346193 sending message 112 to peer 0x556122e6b300 (10 bytes)
1742454008.346195 sending message 112 to peer 0x556122e6b300 (11 bytes)
1742454008.346196 sending message 112 to peer 0x556122e6b300 (12 bytes)
1742454008.346198 sending message 112 to peer 0x556122e6b300 (12 bytes)
1742454008.346199 sending message 112 to peer 0x556122e6b300 (12 bytes)
1742454008.346200 sending message 112 to peer 0x556122e6b300 (12 bytes)
1742454008.346202 sending message 112 to peer 0x556122e6b300 (12 bytes)
1742454008.346203 sending message 112 to peer 0x556122e6b300 (11 bytes)
1742454008.346205 sending message 112 to peer 0x556122e6b300 (12 bytes)
1742454008.346207 sending message 112 to peer 0x556122e6b300 (12 bytes)
1742454008.346210 sending message 112 to peer 0x556122e6b300 (13 bytes)
1742454008.346212 sending message 112 to peer 0x556122e6b300 (13 bytes)
1742454008.346214 sending message 112 to peer 0x556122e6b300 (13 bytes)
1742454008.346217 sending message 112 to peer 0x556122e6b300 (13 bytes)
1742454008.346219 sending message 112 to peer 0x556122e6b300 (13 bytes)
1742454008.346220 sending message 112 to peer 0x556122e6b300 (10 bytes)
1742454008.346222 sending message 112 to peer 0x556122e6b300 (9 bytes)
1742454008.346224 sending message 112 to peer 0x556122e6b300 (12 bytes)
1742454008.346225 sending message 112 to peer 0x556122e6b300 (13 bytes)
1742454008.346226 sending message 112 to peer 0x556122e6b300 (13 bytes)
1742454008.346228 sending message 112 to peer 0x556122e6b300 (13 bytes)
1742454008.346229 sending message 112 to peer 0x556122e6b300 (13 bytes)
1742454008.346231 sending message 112 to peer 0x556122e6b300 (13 bytes)
1742454008.346233 sending message 112 to peer 0x556122e6b300 (9 bytes)
1742454008.346248 sending message 112 to peer 0x556122e6b300 (12 bytes)
1742454008.346251 sending message 112 to peer 0x556122e6b300 (13 bytes)
1742454008.346253 sending message 112 to peer 0x556122e6b300 (13 bytes)
1742454008.346255 sending message 112 to peer 0x556122e6b300 (13 bytes)
1742454008.346257 sending message 112 to peer 0x556122e6b300 (13 bytes)
1742454008.346258 sending message 112 to peer 0x556122e6b300 (13 bytes)
1742454008.346260 sending message 112 to peer 0x556122e6b300 (11 bytes)
1742454008.346262 sending message 112 to peer 0x556122e6b300 (12 bytes)
1742454008.346263 sending message 112 to peer 0x556122e6b300 (13 bytes)
1742454008.346265 sending message 112 to peer 0x556122e6b300 (13 bytes)
1742454008.346266 sending message 112 to peer 0x556122e6b300 (13 bytes)
1742454008.346268 sending message 112 to peer 0x556122e6b300 (13 bytes)
1742454008.346269 sending message 112 to peer 0x556122e6b300 (13 bytes)
1742454008.346271 sending message 112 to peer 0x556122e6b300 (11 bytes)
1742454008.346273 sending message 112 to peer 0x556122e6b300 (12 bytes)
1742454008.346276 sending message 112 to peer 0x556122e6b300 (12 bytes)
1742454008.346278 sending message 112 to peer 0x556122e6b300 (12 bytes)
1742454008.346280 sending message 112 to peer 0x556122e6b300 (12 bytes)
1742454008.346281 sending message 112 to peer 0x556122e6b300 (12 bytes)
1742454008.346284 sending message 112 to peer 0x556122e6b300 (21 bytes)
1742454008.346285 sending message 112 to peer 0x556122e6b300 (12 bytes)
1742454008.346288 sending message 112 to peer 0x556122e6b300 (9 bytes)
1742454008.346290 sending message 112 to peer 0x556122e6b300 (6 bytes)
1742454008.346292 sending message 112 to peer 0x556122e6b300 (13 bytes)
1742454008.346295 sending message 112 to peer 0x556122e6b300 (10 bytes)
1742454008.346297 sending message 112 to peer 0x556122e6b300 (24 bytes)
1742454008.346299 sending message 112 to peer 0x556122e6b300 (13 bytes)
1742454008.346301 sending message 112 to peer 0x556122e6b300 (9 bytes)
1742454008.346302 sending message 112 to peer 0x556122e6b300 (70 bytes)
1742454008.346304 sending message 112 to peer 0x556122e6b300 (69 bytes)
1742454008.346306 sending message 112 to peer 0x556122e6b300 (12 bytes)
1742454008.346307 sending message 112 to peer 0x556122e6b300 (10 bytes)
1742454008.346309 sending message 112 to peer 0x556122e6b300 (10 bytes)
1742454008.346312 sending message 112 to peer 0x556122e6b300 (24 bytes)
1742454008.346314 sending message 112 to peer 0x556122e6b300 (13 bytes)
1742454008.346316 sending message 112 to peer 0x556122e6b300 (10 bytes)
1742454008.346318 sending message 112 to peer 0x556122e6b300 (10 bytes)
1742454008.346319 sending message 112 to peer 0x556122e6b300 (10 bytes)
1742454008.346321 sending message 112 to peer 0x556122e6b300 (13 bytes)
1742454008.346322 sending message 112 to peer 0x556122e6b300 (15 bytes)
1742454008.346324 sending message 112 to peer 0x556122e6b300 (5 bytes)
1742454008.346326 sending message 104 to peer 0x556122e6b300 (0 bytes)
1742454008.346330 sending message 110 to peer 0x556122e6b300 (0 bytes)
1742454008.346332 sending message 107 to peer 0x556122e6b300 (4 bytes)
1742454008.346333 sending message 105 to peer 0x556122e6b300 (16 bytes)
1742454008.346335 sending message 105 to peer 0x556122e6b300 (13 bytes)
1742454008.346336 sending message 105 to peer 0x556122e6b300 (1070 bytes)
1742454008.346344 sending message 105 to peer 0x556122e6b300 (20 bytes)
1742454008.346346 sending message 105 to peer 0x556122e6b300 (21 bytes)
1742454008.346347 sending message 105 to peer 0x556122e6b300 (11 bytes)
1742454008.346349 sending message 105 to peer 0x556122e6b300 (26 bytes)
1742454008.346350 sending message 105 to peer 0x556122e6b300 (40 bytes)
1742454008.346352 sending message 105 to peer 0x556122e6b300 (24 bytes)
1742454008.346353 sending message 105 to peer 0x556122e6b300 (8 bytes)
1742454008.346355 sending message 105 to peer 0x556122e6b300 (36 bytes)
1742454008.346357 sending message 105 to peer 0x556122e6b300 (16 bytes)
1742454008.346358 sending message 105 to peer 0x556122e6b300 (19 bytes)
1742454008.346374 sending message 105 to peer 0x556122e6b300 (13 bytes)
1742454008.346377 sending message 105 to peer 0x556122e6b300 (16 bytes)
1742454008.346379 sending message 105 to peer 0x556122e6b300 (19 bytes)
1742454008.346381 sending message 105 to peer 0x556122e6b300 (23 bytes)
1742454008.346383 sending message 105 to peer 0x556122e6b300 (54 bytes)
1742454008.346385 sending message 105 to peer 0x556122e6b300 (8 bytes)
1742454008.346386 sending message 105 to peer 0x556122e6b300 (27 bytes)
1742454008.346388 sending message 105 to peer 0x556122e6b300 (30 bytes)
1742454008.346390 sending message 105 to peer 0x556122e6b300 (29 bytes)
1742454008.346391 sending message 105 to peer 0x556122e6b300 (11 bytes)
1742454008.346393 sending message 105 to peer 0x556122e6b300 (8 bytes)
1742454008.346396 sending message 105 to peer 0x556122e6b300 (32 bytes)
1742454008.346399 sending message 105 to peer 0x556122e6b300 (1817 bytes)
1742454008.346401 sending message 105 to peer 0x556122e6b300 (57 bytes)
1742454008.346403 sending message 105 to peer 0x556122e6b300 (43 bytes)
1742454008.346405 sending message 105 to peer 0x556122e6b300 (50 bytes)
1742454008.346406 sending message 105 to peer 0x556122e6b300 (56 bytes)
1742454008.346408 sending message 105 to peer 0x556122e6b300 (48 bytes)
1742454008.346410 sending message 105 to peer 0x556122e6b300 (24 bytes)
1742454008.346411 sending message 105 to peer 0x556122e6b300 (16 bytes)
1742454008.346413 sending message 106 to peer 0x556122e6b300 (0 bytes)
1742454008.346460 sending message 200 to peer 0x556122e6b300 (4 bytes)
1742454008.346472 client loop enter
1742454008.355093 peer 0x556122e6b300 message 207
1742454008.355126 sending message 208 to peer 0x556122e6b300 (0 bytes)
1742454014.887128 peer 0x556122e6b300 message 201
1742454014.887174 sending message 205 to peer 0x556122e6b300 (0 bytes)
1742454014.888211 peer 0x556122e6b300 message 204
1742454014.888230 client loop exit
